<?xml version="1.0" encoding="UTF-8"?>
<Site BuildName="Linux-g++"
	BuildStamp="20220707-1404-Experimental"
	Name="MonsterABRA"
	Generator="ctest-3.23.2"
	CompilerName="/usr/bin/g++"
	CompilerVersion="12.1.0"
	OSName="Linux"
	Hostname="MonsterABRA"
	OSRelease="5.15.50-1-MANJARO"
	OSVersion="#1 SMP PREEMPT Sun Jun 26 07:06:30 UTC 2022"
	OSPlatform="x86_64"
	Is64Bits="1"
	VendorString="GenuineIntel"
	VendorID="Intel Corporation"
	FamilyID="6"
	ModelID="158"
	ProcessorCacheSize="8192"
	NumberOfLogicalCPU="8"
	NumberOfPhysicalCPU="4"
	TotalVirtualMemory="9011"
	TotalPhysicalMemory="7657"
	LogicalProcessorsPerPhysical="2"
	ProcessorClockFrequency="4000"
	>
	<Testing>
		<StartDateTime>Jul 07 17:04 +03</StartDateTime>
		<StartTestTime>1657202654</StartTestTime>
		<TestList/>
		<EndDateTime>Jul 07 17:04 +03</EndDateTime>
		<EndTestTime>1657202654</EndTestTime>
		<ElapsedMinutes>0</ElapsedMinutes>
	</Testing>
</Site>
