<?xml version="1.0" encoding="UTF-8"?>
<Site BuildName="Linux-clang++"
	BuildStamp="20220925-1601-Experimental"
	Name="desktop"
	Generator="ctest-3.24.1"
	CompilerName="/usr/bin/clang++"
	CompilerVersion="14.0.6"
	OSName="Linux"
	Hostname="desktop"
	OSRelease="5.15.65-1-MANJARO"
	OSVersion="#1 SMP PREEMPT Mon Sep 5 10:15:47 UTC 2022"
	OSPlatform="x86_64"
	Is64Bits="1"
	VendorString="GenuineIntel"
	VendorID="Intel Corporation"
	FamilyID="6"
	ModelID="60"
	ProcessorCacheSize="6144"
	NumberOfLogicalCPU="4"
	NumberOfPhysicalCPU="4"
	TotalVirtualMemory="0"
	TotalPhysicalMemory="15944"
	LogicalProcessorsPerPhysical="1"
	ProcessorClockFrequency="4000.02"
	>
	<Testing>
		<StartDateTime>Sep 25 19:01 +03</StartDateTime>
		<StartTestTime>1664121718</StartTestTime>
		<TestList/>
		<EndDateTime>Sep 25 19:01 +03</EndDateTime>
		<EndTestTime>1664121718</EndTestTime>
		<ElapsedMinutes>0</ElapsedMinutes>
	</Testing>
</Site>
